1534757122813	geckodriver	INFO	geckodriver 0.21.0
1534757122825	geckodriver	INFO	Listening on 127.0.0.1:2036
1534757125294	mozrunner::runner	INFO	Running command: "C:\\Program Files\\Mozilla Firefox\\firefox.exe" "-marionette" "-foreground" "-no-remote" "-profile" "C:\\Users\\wz1999\\AppData\\Local\\Temp\\rust_mozprofile.SVypsWkaXqrm"
1534757130034	Marionette	INFO	Listening on port 2046
1534757130309	Marionette	WARN	TLS certificate errors will be ignored for this session
Unable to read VR Path Registry from C:\Users\wz1999\AppData\Local\openvr\openvrpaths.vrpath
JavaScript error: http://inventwithpython.com/js/bootstrap.min.js, line 7: Error: Bootstrap tooltips require Tether (http://tether.io/)
[Child 5664, Chrome_ChildThread] WARNING: pipe error: 109: file z:/build/build/src/ipc/chromium/src/chrome/common/ipc_channel_win.cc, line 346
Unable to read VR Path Registry from C:\Users\wz1999\AppData\Local\openvr\openvrpaths.vrpath
[Parent 6812, Gecko_IOThread] WARNING: pipe error: 109: file z:/build/build/src/ipc/chromium/src/chrome/common/ipc_channel_win.cc, line 346
Unable to read VR Path Registry from C:\Users\wz1999\AppData\Local\openvr\openvrpaths.vrpath
[Child 4684, Chrome_ChildThread] WARNING: pipe error: 109: file z:/build/build/src/ipc/chromium/src/chrome/common/ipc_channel_win.cc, line 346
Unable to read VR Path Registry from C:\Users\wz1999\AppData\Local\openvr\openvrpaths.vrpath
[Child 6072, Chrome_ChildThread] WARNING: pipe error: 109: file z:/build/build/src/ipc/chromium/src/chrome/common/ipc_channel_win.cc, line 346
[Child 6072, Chrome_ChildThread] WARNING: pipe error: 109: file z:/build/build/src/ipc/chromium/src/chrome/common/ipc_channel_win.cc, line 346
Unable to read VR Path Registry from C:\Users\wz1999\AppData\Local\openvr\openvrpaths.vrpath
[GPU 4696, Chrome_ChildThread] WARNING: pipe error: 109: file z:/build/build/src/ipc/chromium/src/chrome/common/ipc_channel_win.cc, line 346

###!!! [Child][MessageChannel::SendAndWait] Error: Channel error: cannot send/recv

romium/src/chrome/common/ipc_channel_win.cc, line 346

###!!! [Child][MessageChannel::SendAndWait] Error: Channel error: cannot send/recv

 pipe error: 109: file z:/build/build/src/ipc/chromium/src/chrome/common/ipc_channel_win.cc, line 346

###!!! [Child][MessageChannel::SendAndWait] Error: Channel error: cannot send/recv

